<?xml version="1.0" encoding="UTF-8"?>
<!-- Generated by org.testng.reporters.JUnitXMLReporter -->
<testsuite ignored="0" hostname="MiPC" failures="0" tests="3" name="BankRegisterTest" time="16.487" errors="0" timestamp="2024-01-25T18:40:56 COT">
  <testcase classname="testngxml.ParabankRegistrationTest" name="Registerbtntest" time="12.596"/>
  <testcase classname="testngxml.ParabankRegistrationTest" name="registerUser" time="3.456"/>
  <testcase classname="testngxml.ParabankRegistrationTest" name="registerUserValidation" time="0.122"/>
</testsuite> <!-- BankRegisterTest -->
