<?xml version="1.0" encoding="UTF-8"?>
<!-- Generated by org.testng.reporters.JUnitXMLReporter -->
<testsuite ignored="0" hostname="LAPTOP-VDR6OUKA" failures="0" tests="3" name="login" time="2.576" errors="0" timestamp="2024-04-10T22:00:31 COT">
  <testcase classname="blazeRegisterUser.Blazelogin" name="loginPageValidation" time="0.071"/>
  <testcase classname="blazeRegisterUser.Blazelogin" name="loginUser" time="2.447"/>
  <testcase classname="blazeRegisterUser.Blazelogin" name="logintestValidation" time="0.04"/>
</testsuite> <!-- login -->
