<?xml version="1.0" encoding="UTF-8"?>
<!-- Generated by org.testng.reporters.JUnitXMLReporter -->
<testsuite ignored="0" hostname="LAPTOP-VDR6OUKA" failures="0" tests="4" name="Registration" time="13.863" errors="0" timestamp="2024-02-23T08:46:39 COT">
  <testcase classname="saucelabtesting.ParabankRegistrationParametersSaucelab" name="Registerbtntest" time="11.193"/>
  <testcase classname="saucelabtesting.ParabankRegistrationParametersSaucelab" name="registerUser" time="1.887"/>
  <testcase classname="saucelabtesting.ParabankRegistrationParametersSaucelab" name="registerUserValidation" time="0.077"/>
  <testcase classname="saucelabtesting.ParabankRegistrationParametersSaucelab" name="logout" time="0.494"/>
</testsuite> <!-- Registration -->
