<?xml version="1.0" encoding="UTF-8"?>
<!-- Generated by org.testng.reporters.JUnitXMLReporter -->
<testsuite ignored="0" hostname="LAPTOP-VDR6OUKA" failures="0" tests="4" name="RegistrationTest" time="17.795" errors="0" timestamp="2024-04-08T20:03:20 COT">
  <testcase classname="testngxlmparameters.ParabankRegistrationParameters" name="Registerbtntest" time="15.73"/>
  <testcase classname="testngxlmparameters.ParabankRegistrationParameters" name="registerUser" time="1.364"/>
  <testcase classname="testngxlmparameters.ParabankRegistrationParameters" name="registerUserValidation" time="0.065"/>
  <testcase classname="testngxlmparameters.ParabankRegistrationParameters" name="logout" time="0.447"/>
</testsuite> <!-- RegistrationTest -->
