<?xml version="1.0" encoding="UTF-8"?>
<!-- Generated by org.testng.reporters.JUnitXMLReporter -->
<testsuite ignored="0" hostname="LAPTOP-VDR6OUKA" failures="0" tests="3" name="signin" time="16.088" errors="0" timestamp="2024-04-10T22:00:28 COT">
  <testcase classname="blazeRegisterUser.BlazeSignin" name="Registerbtntest" time="9.359"/>
  <testcase classname="blazeRegisterUser.BlazeSignin" name="registerUser" time="6.415"/>
  <testcase classname="blazeRegisterUser.BlazeSignin" name="validateCategoriesElement" time="0.085"/>
</testsuite> <!-- signin -->
