<?xml version="1.0" encoding="UTF-8"?>
<!-- Generated by org.testng.reporters.JUnitXMLReporter -->
<testsuite ignored="0" hostname="LAPTOP-VDR6OUKA" failures="0" tests="3" name="singin" time="14.995" errors="0" timestamp="2024-04-09T16:55:11 COT">
  <testcase classname="testngxlmparameters.BLAZEsigninParameters" name="Registerbtntest" time="8.355"/>
  <testcase classname="testngxlmparameters.BLAZEsigninParameters" name="registerUser" time="6.356"/>
  <testcase classname="testngxlmparameters.BLAZEsigninParameters" name="validateCategoriesElement" time="0.067"/>
</testsuite> <!-- singin -->
