<?xml version="1.0" encoding="UTF-8"?>
<testng-results ignored="0" total="1" passed="1" failed="0" skipped="0">
  <reporter-output>
  </reporter-output>
  <suite started-at="2024-04-10T22:38:44 COT" name="Suite" finished-at="2024-04-10T22:38:57 COT" duration-ms="13511">
    <groups>
    </groups>
    <test started-at="2024-04-10T22:38:44 COT" name="Test" finished-at="2024-04-10T22:38:57 COT" duration-ms="13511">
      <class name="com.blaze.test.AddToCartTest">
        <test-method is-config="true" signature="initDriver()[pri:0, instance:com.blaze.test.AddToCartTest@6692b6c6]" started-at="2024-04-10T22:38:38 COT" name="initDriver" finished-at="2024-04-10T22:38:44 COT" duration-ms="5344" status="PASS">
          <reporter-output>
          </reporter-output>
        </test-method> <!-- initDriver -->
        <test-method signature="ShoppingCart()[pri:0, instance:com.blaze.test.AddToCartTest@6692b6c6]" started-at="2024-04-10T22:38:44 COT" name="ShoppingCart" finished-at="2024-04-10T22:38:57 COT" duration-ms="13347" status="PASS">
          <reporter-output>
          </reporter-output>
        </test-method> <!-- ShoppingCart -->
      </class> <!-- com.blaze.test.AddToCartTest -->
    </test> <!-- Test -->
  </suite> <!-- Suite -->
</testng-results>
