<?xml version="1.0" encoding="UTF-8"?>
<!-- Generated by org.testng.reporters.JUnitXMLReporter -->
<testsuite ignored="3" hostname="MiPC" failures="0" tests="1" name="OrangeMethodTest" time="19.526" errors="0" timestamp="2024-01-25T10:24:57 COT">
  <testcase classname="testngxml.OrangeHRMTestCases" name="loginToOrangeHRM" time="19.201"/>
  <testcase classname="testngxml.OrangeHRMTestCases" name="searchLeave" time="0.0">
    <ignored/>
  </testcase> <!-- searchLeave -->
  <testcase classname="testngxml.OrangeHRMTestCases" name="logout" time="0.0">
    <ignored/>
  </testcase> <!-- logout -->
  <testcase classname="testngxml.OrangeHRMTestCases" name="closeBrowser" time="0.0">
    <ignored/>
  </testcase> <!-- closeBrowser -->
</testsuite> <!-- OrangeMethodTest -->
